<?xml version="1.0" encoding="UTF-8"?>
<testsuite name="Register Test"
           tests="2"
           failures="1"
           errors="0"
           skipped="0"
           time="16.294">
  <properties />
            <testcase name="userShouldRegisterSuccessfullyAndLoginUsingSameCredentials" time="14.194" classname="com.nopcommerce.demo.testsuite.RegisterTestCase">
                <failure type="java.lang.IllegalArgumentException"
                  message="Keys to send should be a not null CharSequence"
              >
<![CDATA[java.lang.IllegalArgumentException: Keys to send should be a not null CharSequence
  org.openqa.selenium.remote.RemoteWebElement.sendKeys(RemoteWebElement.java:97)
  com.nopcommerce.demo.utility.Utility.sendTextToElement(Utility.java:125)
  com.nopcommerce.demo.pages.RegisterPage.sendTextToFirstNameField(RegisterPage.java:41)
  com.nopcommerce.demo.testsuite.RegisterTestCase.userShouldRegisterSuccessfullyAndLoginUsingSameCredentials(RegisterTestCase.java:82)
  sun.reflect.NativeMethodAccessorImpl.invoke0(Native Method)
  sun.reflect.NativeMethodAccessorImpl.invoke(NativeMethodAccessorImpl.java:62)
  sun.reflect.DelegatingMethodAccessorImpl.invoke(DelegatingMethodAccessorImpl.java:43)
  java.lang.reflect.Method.invoke(Method.java:498)
  org.testng.internal.MethodInvocationHelper.invokeMethod(MethodInvocationHelper.java:124)
  org.testng.internal.Invoker.invokeMethod(Invoker.java:583)
  org.testng.internal.Invoker.invokeTestMethod(Invoker.java:719)
  org.testng.internal.Invoker.invokeTestMethods(Invoker.java:989)
  org.testng.internal.TestMethodWorker.invokeTestMethods(TestMethodWorker.java:125)
  org.testng.internal.TestMethodWorker.run(TestMethodWorker.java:109)
  org.testng.TestRunner.privateRun(TestRunner.java:648)
  org.testng.TestRunner.run(TestRunner.java:505)
  org.testng.SuiteRunner.runTest(SuiteRunner.java:455)
  org.testng.SuiteRunner.runSequentially(SuiteRunner.java:450)
  org.testng.SuiteRunner.privateRun(SuiteRunner.java:415)
  org.testng.SuiteRunner.run(SuiteRunner.java:364)
  org.testng.SuiteRunnerWorker.runSuite(SuiteRunnerWorker.java:52)
  org.testng.SuiteRunnerWorker.run(SuiteRunnerWorker.java:84)
  org.testng.TestNG.runSuitesSequentially(TestNG.java:1208)
  org.testng.TestNG.runSuitesLocally(TestNG.java:1137)
  org.testng.TestNG.runSuites(TestNG.java:1049)
  org.testng.TestNG.run(TestNG.java:1017)
  com.intellij.rt.testng.IDEARemoteTestNG.run(IDEARemoteTestNG.java:66)
  com.intellij.rt.testng.RemoteTestNGStarter.main(RemoteTestNGStarter.java:110)
]]>
      </failure>

          </testcase>
  
  
            <testcase name="userShouldNavigateToRegisterPageSuccessfully" time="2.100" classname="com.nopcommerce.demo.testsuite.RegisterTestCase" />
      
</testsuite>
